# Time	Temperature [K]	Pressure [Pa]
8e-08	1000	1.36789e+06
2.39999e-07	1000	1.36789e+06
5.59991e-07	1000	1.36789e+06
1.19996e-06	1000	1.36789e+06
2.47988e-06	1000	1.36789e+06
5.03941e-06	1000	1.36789e+06
1.01572e-05	1000	1.36789e+06
2.03927e-05	1000	1.36789e+06
4.08427e-05	1000	1.36789e+06
8.16589e-05	1000	1.36789e+06
0.000162957	1000	1.36789e+06
0.000262321	1000	1.36789e+06
0.000361685	1000	1.36789e+06
0.000461049	1000	1.36789e+06
0.000560413	1000	1.36789e+06
0.000659777	1000	1.36789e+06
0.000759141	1000	1.36789e+06
0.000858505	1000	1.36789e+06
0.000957869	1000	1.36789e+06
0.00105723	1000	1.36789e+06
0.0011566	1000	1.36789e+06
0.00125596	1000	1.36789e+06
0.00135533	1000	1.36789e+06
0.00145469	1000	1.36789e+06
0.00155405	1000	1.36789e+06
0.00165342	1000	1.36789e+06
0.00175278	1000.01	1.36789e+06
0.00185215	1000.01	1.36789e+06
0.00195151	1000.01	1.36789e+06
0.00205087	1000.01	1.36789e+06
0.00215024	1000.01	1.36789e+06
0.0022496	1000.01	1.36789e+06
0.00234897	1000.01	1.36789e+06
0.00244833	1000.01	1.36789e+06
0.00254769	1000.01	1.36789e+06
0.00264706	1000.01	1.36789e+06
0.00274642	1000.02	1.36789e+06
0.00284579	1000.02	1.36789e+06
0.00294515	1000.02	1.36789e+06
0.00304451	1000.02	1.36789e+06
0.00314388	1000.02	1.36789e+06
0.00324324	1000.02	1.36789e+06
0.00334261	1000.02	1.36789e+06
0.00344197	1000.02	1.36789e+06
0.00354134	1000.03	1.36789e+06
0.0036407	1000.03	1.36789e+06
0.00374006	1000.03	1.36789e+06
0.00383943	1000.03	1.36789e+06
0.00393879	1000.03	1.36789e+06
0.00403816	1000.03	1.36789e+06
0.00413752	1000.03	1.36789e+06
0.00423688	1000.04	1.36789e+06
0.00433625	1000.04	1.36789e+06
0.00443561	1000.04	1.36789e+06
0.00453498	1000.04	1.36789e+06
0.00463434	1000.04	1.36789e+06
0.0047337	1000.04	1.36789e+06
0.00483307	1000.05	1.36789e+06
0.00493243	1000.05	1.36789e+06
0.0050318	1000.05	1.36789e+06
0.00513116	1000.05	1.36789e+06
0.00523052	1000.05	1.36789e+06
0.00532989	1000.05	1.36789e+06
0.00542925	1000.05	1.36789e+06
0.00552862	1000.06	1.36789e+06
0.00562798	1000.06	1.36789e+06
0.00572734	1000.06	1.36789e+06
0.00582671	1000.06	1.36789e+06
0.00592607	1000.06	1.36789e+06
0.00602544	1000.07	1.36789e+06
0.0061248	1000.07	1.36789e+06
0.00622417	1000.07	1.36789e+06
0.00632353	1000.07	1.36789e+06
0.00642289	1000.07	1.36789e+06
0.00652226	1000.07	1.36789e+06
0.00662162	1000.08	1.36789e+06
0.00672099	1000.08	1.36789e+06
0.00682035	1000.08	1.36789e+06
0.00691971	1000.08	1.36789e+06
0.00701908	1000.08	1.36789e+06
0.00711844	1000.09	1.36789e+06
0.00721781	1000.09	1.36789e+06
0.00731717	1000.09	1.36789e+06
0.00741653	1000.09	1.36789e+06
0.0075159	1000.09	1.36789e+06
0.00761526	1000.09	1.36789e+06
0.00771463	1000.1	1.36789e+06
0.00781399	1000.1	1.36789e+06
0.00791335	1000.1	1.36789e+06
0.00801272	1000.1	1.36789e+06
0.00811208	1000.1	1.36789e+06
0.00821145	1000.11	1.36789e+06
0.00831081	1000.11	1.36789e+06
0.00841017	1000.11	1.36789e+06
0.00850954	1000.11	1.36789e+06
0.0086089	1000.11	1.36789e+06
0.00870827	1000.12	1.36789e+06
0.00880763	1000.12	1.36789e+06
0.008907	1000.12	1.36789e+06
0.00900636	1000.12	1.36789e+06
0.00910572	1000.13	1.36789e+06
0.00920509	1000.13	1.36789e+06
0.00930445	1000.13	1.36789e+06
0.00940382	1000.13	1.36789e+06
0.00950318	1000.13	1.36789e+06
0.00960254	1000.14	1.36789e+06
0.00970191	1000.14	1.36789e+06
0.00980127	1000.14	1.36789e+06
0.00990064	1000.14	1.36789e+06
0.01	1000.15	1.36789e+06
0.0101	1000.15	1.36789e+06
0.0102	1000.15	1.36789e+06
0.0103	1000.15	1.36789e+06
0.0104	1000.16	1.36789e+06
0.0105	1000.16	1.36789e+06
0.0106	1000.16	1.36789e+06
0.0107	1000.16	1.36789e+06
0.0108	1000.17	1.36789e+06
0.0109	1000.17	1.36789e+06
0.011	1000.17	1.36789e+06
0.0111	1000.17	1.36789e+06
0.0112	1000.18	1.36789e+06
0.0113	1000.18	1.36789e+06
0.0114	1000.18	1.36789e+06
0.0115	1000.18	1.36789e+06
0.0116	1000.19	1.36789e+06
0.0117	1000.19	1.36789e+06
0.0118	1000.19	1.36789e+06
0.0119	1000.19	1.36789e+06
0.012	1000.2	1.36789e+06
0.0121	1000.2	1.36789e+06
0.0122	1000.2	1.36789e+06
0.0123	1000.2	1.36789e+06
0.0124	1000.21	1.36789e+06
0.0125	1000.21	1.36789e+06
0.0126	1000.21	1.36789e+06
0.0127	1000.22	1.36789e+06
0.0128	1000.22	1.36789e+06
0.0129	1000.22	1.36789e+06
0.013	1000.22	1.36789e+06
0.0131	1000.23	1.36789e+06
0.0132	1000.23	1.36789e+06
0.0133	1000.23	1.36789e+06
0.0134	1000.24	1.36789e+06
0.0135	1000.24	1.36789e+06
0.0136	1000.24	1.36789e+06
0.0137	1000.25	1.36789e+06
0.0138	1000.25	1.36789e+06
0.0139	1000.25	1.36789e+06
0.014	1000.25	1.36789e+06
0.0141	1000.26	1.36789e+06
0.0142	1000.26	1.36789e+06
0.0143	1000.26	1.36789e+06
0.0144	1000.27	1.36789e+06
0.0145	1000.27	1.36789e+06
0.0146	1000.27	1.36789e+06
0.0147	1000.28	1.36789e+06
0.0148	1000.28	1.36789e+06
0.0149	1000.28	1.36789e+06
0.015	1000.29	1.36789e+06
0.0151	1000.29	1.36789e+06
0.0152	1000.29	1.36789e+06
0.0153	1000.3	1.36789e+06
0.0154	1000.3	1.36789e+06
0.0155	1000.3	1.36789e+06
0.0156	1000.31	1.36789e+06
0.0157	1000.31	1.36789e+06
0.0158	1000.31	1.36789e+06
0.0159	1000.32	1.36789e+06
0.016	1000.32	1.36789e+06
0.0161	1000.33	1.36789e+06
0.0162	1000.33	1.36789e+06
0.0163	1000.33	1.36789e+06
0.0164	1000.34	1.36789e+06
0.0165	1000.34	1.36789e+06
0.0166	1000.34	1.36789e+06
0.0167	1000.35	1.36789e+06
0.0168	1000.35	1.36789e+06
0.0169	1000.35	1.36789e+06
0.017	1000.36	1.36789e+06
0.0171	1000.36	1.36789e+06
0.0172	1000.37	1.36789e+06
0.0173	1000.37	1.36789e+06
0.0174	1000.37	1.36789e+06
0.0175	1000.38	1.36789e+06
0.0176	1000.38	1.36789e+06
0.0177	1000.39	1.36789e+06
0.0178	1000.39	1.36789e+06
0.0179	1000.39	1.36789e+06
0.018	1000.4	1.36789e+06
0.0181	1000.4	1.36789e+06
0.0182	1000.41	1.36789e+06
0.0183	1000.41	1.36789e+06
0.0184	1000.42	1.36789e+06
0.0185	1000.42	1.36789e+06
0.0186	1000.42	1.36789e+06
0.0187	1000.43	1.36789e+06
0.0188	1000.43	1.36789e+06
0.0189	1000.44	1.36789e+06
0.019	1000.44	1.36789e+06
0.0191	1000.45	1.36789e+06
0.0192	1000.45	1.36789e+06
0.0193	1000.46	1.36789e+06
0.0194	1000.46	1.36789e+06
0.0195	1000.46	1.36789e+06
0.0196	1000.47	1.36789e+06
0.0197	1000.47	1.36789e+06
0.0198	1000.48	1.36789e+06
0.0199	1000.48	1.36789e+06
0.02	1000.49	1.36789e+06
0.0201	1000.49	1.36789e+06
0.0202	1000.5	1.36789e+06
0.0203	1000.5	1.36789e+06
0.0204	1000.51	1.36789e+06
0.0205	1000.51	1.36789e+06
0.0206	1000.52	1.36789e+06
0.0207	1000.52	1.36789e+06
0.0208	1000.53	1.36789e+06
0.0209	1000.53	1.36789e+06
0.021	1000.54	1.36789e+06
0.0211	1000.54	1.36789e+06
0.0212	1000.55	1.36789e+06
0.0213	1000.55	1.36789e+06
0.0214	1000.56	1.36789e+06
0.0215	1000.56	1.36789e+06
0.0216	1000.57	1.36789e+06
0.0217	1000.57	1.36789e+06
0.0218	1000.58	1.36789e+06
0.0219	1000.59	1.36789e+06
0.022	1000.59	1.36789e+06
0.0221	1000.6	1.36789e+06
0.0222	1000.6	1.36789e+06
0.0223	1000.61	1.36789e+06
0.0224	1000.61	1.36789e+06
0.0225	1000.62	1.36789e+06
0.0226	1000.63	1.36789e+06
0.0227	1000.63	1.36789e+06
0.0228	1000.64	1.36789e+06
0.0229	1000.64	1.36789e+06
0.023	1000.65	1.36789e+06
0.0231	1000.66	1.36789e+06
0.0232	1000.66	1.36789e+06
0.0233	1000.67	1.36789e+06
0.0234	1000.67	1.36789e+06
0.0235	1000.68	1.36789e+06
0.0236	1000.69	1.36789e+06
0.0237	1000.69	1.36789e+06
0.0238	1000.7	1.36789e+06
0.0239	1000.7	1.36789e+06
0.024	1000.71	1.36789e+06
0.0241	1000.72	1.36789e+06
0.0242	1000.72	1.36789e+06
0.0243	1000.73	1.36789e+06
0.0244	1000.74	1.36789e+06
0.0245	1000.74	1.36789e+06
0.0246	1000.75	1.36789e+06
0.0247	1000.76	1.36789e+06
0.0248	1000.76	1.36789e+06
0.0249	1000.77	1.36789e+06
0.025	1000.78	1.36789e+06
0.0251	1000.79	1.36789e+06
0.0252	1000.79	1.36789e+06
0.0253	1000.8	1.36789e+06
0.0254	1000.81	1.36789e+06
0.0255	1000.81	1.36789e+06
0.0256	1000.82	1.36789e+06
0.0257	1000.83	1.36789e+06
0.0258	1000.84	1.36789e+06
0.0259	1000.84	1.36789e+06
0.026	1000.85	1.36789e+06
0.0261	1000.86	1.36789e+06
0.0262	1000.87	1.36789e+06
0.0263	1000.87	1.36789e+06
0.0264	1000.88	1.36789e+06
0.0265	1000.89	1.36789e+06
0.0266	1000.9	1.36789e+06
0.0267	1000.9	1.36789e+06
0.0268	1000.91	1.36789e+06
0.0269	1000.92	1.36789e+06
0.027	1000.93	1.36789e+06
0.0271	1000.94	1.36789e+06
0.0272	1000.95	1.36789e+06
0.0273	1000.95	1.36789e+06
0.0274	1000.96	1.36789e+06
0.0275	1000.97	1.36789e+06
0.0276	1000.98	1.36789e+06
0.0277	1000.99	1.36789e+06
0.0278	1001	1.36789e+06
0.0279	1001	1.36789e+06
0.028	1001.01	1.36789e+06
0.0281	1001.02	1.36789e+06
0.0282	1001.03	1.36789e+06
0.0283	1001.04	1.36789e+06
0.0284	1001.05	1.36789e+06
0.0285	1001.06	1.36789e+06
0.0286	1001.07	1.36789e+06
0.0287	1001.08	1.36789e+06
0.0288	1001.09	1.36789e+06
0.0289	1001.1	1.36789e+06
0.029	1001.11	1.36789e+06
0.0291	1001.11	1.36789e+06
0.0292	1001.12	1.36789e+06
0.0293	1001.13	1.36789e+06
0.0294	1001.14	1.36789e+06
0.0295	1001.15	1.36789e+06
0.0296	1001.16	1.36789e+06
0.0297	1001.17	1.36789e+06
0.0298	1001.18	1.36789e+06
0.0299	1001.19	1.36789e+06
0.03	1001.2	1.36789e+06
0.0301	1001.21	1.36789e+06
0.0302	1001.23	1.36789e+06
0.0303	1001.24	1.36789e+06
0.0304	1001.25	1.36789e+06
0.0305	1001.26	1.36789e+06
0.0306	1001.27	1.36789e+06
0.0307	1001.28	1.36789e+06
0.0308	1001.29	1.36789e+06
0.0309	1001.3	1.36789e+06
0.031	1001.31	1.36789e+06
0.0311	1001.32	1.36789e+06
0.0312	1001.34	1.36789e+06
0.0313	1001.35	1.36789e+06
0.0314	1001.36	1.36789e+06
0.0315	1001.37	1.36789e+06
0.0316	1001.38	1.36789e+06
0.0317	1001.39	1.36789e+06
0.0318	1001.41	1.36789e+06
0.0319	1001.42	1.36789e+06
0.032	1001.43	1.36789e+06
0.0321	1001.44	1.36789e+06
0.0322	1001.45	1.36789e+06
0.0323	1001.47	1.36789e+06
0.0324	1001.48	1.36789e+06
0.0325	1001.49	1.36789e+06
0.0326	1001.51	1.36789e+06
0.0327	1001.52	1.36789e+06
0.0328	1001.53	1.36789e+06
0.0329	1001.54	1.36789e+06
0.033	1001.56	1.36789e+06
0.0331	1001.57	1.36789e+06
0.0332	1001.58	1.36789e+06
0.0333	1001.6	1.36789e+06
0.0334	1001.61	1.36789e+06
0.0335	1001.63	1.36789e+06
0.0336	1001.64	1.36789e+06
0.0337	1001.65	1.36789e+06
0.0338	1001.67	1.36789e+06
0.0339	1001.68	1.36789e+06
0.034	1001.7	1.36789e+06
0.0341	1001.71	1.36789e+06
0.0342	1001.73	1.36789e+06
0.0343	1001.74	1.36789e+06
0.0344	1001.76	1.36789e+06
0.0345	1001.77	1.36789e+06
0.0346	1001.79	1.36789e+06
0.0347	1001.8	1.36789e+06
0.0348	1001.82	1.36789e+06
0.0349	1001.83	1.36789e+06
0.035	1001.85	1.36789e+06
0.0351	1001.87	1.36789e+06
0.0352	1001.88	1.36789e+06
0.0353	1001.9	1.36789e+06
0.0354	1001.92	1.36789e+06
0.0355	1001.93	1.36789e+06
0.0356	1001.95	1.36789e+06
0.0357	1001.97	1.36789e+06
0.0358	1001.98	1.36789e+06
0.0359	1002	1.36789e+06
0.036	1002.02	1.36789e+06
0.0361	1002.04	1.36789e+06
0.0362	1002.05	1.36789e+06
0.0363	1002.07	1.36789e+06
0.0364	1002.09	1.36789e+06
0.0365	1002.11	1.36789e+06
0.0366	1002.13	1.36789e+06
0.0367	1002.14	1.36789e+06
0.0368	1002.16	1.36789e+06
0.0369	1002.18	1.36789e+06
0.037	1002.2	1.36789e+06
0.0371	1002.22	1.36789e+06
0.0372	1002.24	1.36789e+06
0.0373	1002.26	1.36789e+06
0.0374	1002.28	1.36789e+06
0.0375	1002.3	1.36789e+06
0.0376	1002.32	1.36789e+06
0.0377	1002.34	1.36789e+06
0.0378	1002.36	1.36789e+06
0.0379	1002.38	1.36789e+06
0.038	1002.4	1.36789e+06
0.0381	1002.43	1.36789e+06
0.0382	1002.45	1.36789e+06
0.0383	1002.47	1.36789e+06
0.0384	1002.49	1.36789e+06
0.0385	1002.51	1.36789e+06
0.0386	1002.54	1.36789e+06
0.0387	1002.56	1.36789e+06
0.0388	1002.58	1.36789e+06
0.0389	1002.61	1.36789e+06
0.039	1002.63	1.36789e+06
0.0391	1002.65	1.36789e+06
0.0392	1002.68	1.36789e+06
0.0393	1002.7	1.36789e+06
0.0394	1002.73	1.36789e+06
0.0395	1002.75	1.36789e+06
0.0396	1002.78	1.36789e+06
0.0397	1002.8	1.36789e+06
0.0398	1002.83	1.36789e+06
0.0399	1002.85	1.36789e+06
0.04	1002.88	1.36789e+06
0.0401	1002.9	1.36789e+06
0.0402	1002.93	1.36789e+06
0.0403	1002.96	1.36789e+06
0.0404	1002.99	1.36789e+06
0.0405	1003.01	1.36789e+06
0.0406	1003.04	1.36789e+06
0.0407	1003.07	1.36789e+06
0.0408	1003.1	1.36789e+06
0.0409	1003.13	1.36789e+06
0.041	1003.16	1.36789e+06
0.0411	1003.18	1.36789e+06
0.0412	1003.21	1.36789e+06
0.0413	1003.24	1.36789e+06
0.0414	1003.27	1.36789e+06
0.0415	1003.31	1.36789e+06
0.0416	1003.34	1.36789e+06
0.0417	1003.37	1.36789e+06
0.0418	1003.4	1.36789e+06
0.0419	1003.43	1.36789e+06
0.042	1003.47	1.36789e+06
0.0421	1003.5	1.36789e+06
0.0422	1003.53	1.36789e+06
0.0423	1003.57	1.36789e+06
0.0424	1003.6	1.36789e+06
0.0425	1003.63	1.36789e+06
0.0426	1003.67	1.36789e+06
0.0427	1003.7	1.36789e+06
0.0428	1003.74	1.36789e+06
0.0429	1003.78	1.36789e+06
0.043	1003.81	1.36789e+06
0.0431	1003.85	1.36789e+06
0.0432	1003.89	1.36789e+06
0.0433	1003.93	1.36789e+06
0.0434	1003.96	1.36789e+06
0.0435	1004	1.36789e+06
0.0436	1004.04	1.36789e+06
0.0437	1004.08	1.36789e+06
0.0438	1004.12	1.36789e+06
0.0439	1004.17	1.36789e+06
0.044	1004.21	1.36789e+06
0.0441	1004.25	1.36789e+06
0.0442	1004.29	1.36789e+06
0.0443	1004.33	1.36789e+06
0.0444	1004.38	1.36789e+06
0.0445	1004.42	1.36789e+06
0.0446	1004.47	1.36789e+06
0.0447	1004.51	1.36789e+06
0.0448	1004.56	1.36789e+06
0.0449	1004.61	1.36789e+06
0.045	1004.65	1.36789e+06
0.0451	1004.7	1.36789e+06
0.0452	1004.75	1.36789e+06
0.0453	1004.8	1.36789e+06
0.0454	1004.85	1.36789e+06
0.0455	1004.9	1.36789e+06
0.0456	1004.95	1.36789e+06
0.0457	1005	1.36789e+06
0.0458	1005.06	1.36789e+06
0.0459	1005.11	1.36789e+06
0.046	1005.17	1.36789e+06
0.0461	1005.22	1.36789e+06
0.0462	1005.28	1.36789e+06
0.0463	1005.33	1.36789e+06
0.0464	1005.39	1.36789e+06
0.0465	1005.45	1.36789e+06
0.0466	1005.51	1.36789e+06
0.0467	1005.57	1.36789e+06
0.0468	1005.63	1.36789e+06
0.0469	1005.69	1.36789e+06
0.047	1005.76	1.36789e+06
0.0471	1005.82	1.36789e+06
0.0472	1005.89	1.36789e+06
0.0473	1005.95	1.36789e+06
0.0474	1006.02	1.36789e+06
0.0475	1006.09	1.36789e+06
0.0476	1006.16	1.36789e+06
0.0477	1006.23	1.36789e+06
0.0478	1006.3	1.36789e+06
0.0479	1006.37	1.36789e+06
0.048	1006.45	1.36789e+06
0.0481	1006.52	1.36789e+06
0.0482	1006.6	1.36789e+06
0.0483	1006.67	1.36789e+06
0.0484	1006.75	1.36789e+06
0.0485	1006.83	1.36789e+06
0.0486	1006.92	1.36789e+06
0.0487	1007	1.36789e+06
0.0488	1007.08	1.36789e+06
0.0489	1007.17	1.36789e+06
0.049	1007.26	1.36789e+06
0.0491	1007.35	1.36789e+06
0.0492	1007.44	1.36789e+06
0.0493	1007.53	1.36789e+06
0.0494	1007.62	1.36789e+06
0.0495	1007.72	1.36789e+06
0.0496	1007.82	1.36789e+06
0.0497	1007.92	1.36789e+06
0.0498	1008.02	1.36789e+06
0.0499	1008.12	1.36789e+06
0.05	1008.23	1.36789e+06
0.0501	1008.33	1.36789e+06
0.0502	1008.44	1.36789e+06
0.0503	1008.55	1.36789e+06
0.0504	1008.67	1.36789e+06
0.0505	1008.78	1.36789e+06
0.0506	1008.9	1.36789e+06
0.0507	1009.02	1.36789e+06
0.0508	1009.15	1.36789e+06
0.0509	1009.27	1.36789e+06
0.051	1009.4	1.36789e+06
0.0511	1009.53	1.36789e+06
0.0512	1009.67	1.36789e+06
0.0513	1009.81	1.36789e+06
0.0514	1009.95	1.36789e+06
0.0515	1010.09	1.36789e+06
0.0516	1010.24	1.36789e+06
0.0517	1010.39	1.36789e+06
0.0518	1010.54	1.36789e+06
0.0519	1010.7	1.36789e+06
0.052	1010.86	1.36789e+06
0.0521	1011.03	1.36789e+06
0.0522	1011.2	1.36789e+06
0.0523	1011.37	1.36789e+06
0.0524	1011.55	1.36789e+06
0.0525	1011.73	1.36789e+06
0.0526	1011.92	1.36789e+06
0.0527	1012.11	1.36789e+06
0.0528	1012.31	1.36789e+06
0.0529	1012.51	1.36789e+06
0.053	1012.72	1.36789e+06
0.0531	1012.93	1.36789e+06
0.05315	1013.04	1.36789e+06
0.0532493	1013.26	1.36789e+06
0.0532989	1013.37	1.36789e+06
0.0533975	1013.6	1.36789e+06
0.0534467	1013.72	1.36789e+06
0.0535445	1013.96	1.36789e+06
0.0535934	1014.08	1.36789e+06
0.0536905	1014.32	1.36789e+06
0.053739	1014.45	1.36789e+06
0.0538354	1014.7	1.36789e+06
0.0538835	1014.83	1.36789e+06
0.0539791	1015.1	1.36789e+06
0.0540269	1015.23	1.36789e+06
0.0541217	1015.51	1.36789e+06
0.0541691	1015.65	1.36789e+06
0.0542632	1015.93	1.36789e+06
0.0543102	1016.08	1.36789e+06
0.0544035	1016.37	1.36789e+06
0.0544501	1016.52	1.36789e+06
0.0545426	1016.83	1.36789e+06
0.0545888	1016.99	1.36789e+06
0.0546806	1017.31	1.36789e+06
0.0547264	1017.48	1.36789e+06
0.0548173	1017.81	1.36789e+06
0.0548628	1017.98	1.36789e+06
0.0549529	1018.33	1.36789e+06
0.054998	1018.51	1.36789e+06
0.0550873	1018.87	1.36789e+06
0.055132	1019.06	1.36789e+06
0.0552205	1019.44	1.36789e+06
0.0552647	1019.63	1.36789e+06
0.0553524	1020.03	1.36789e+06
0.0553963	1020.23	1.36789e+06
0.0554831	1020.64	1.36789e+06
0.0555266	1020.86	1.36789e+06
0.0556126	1021.29	1.36789e+06
0.0556556	1021.51	1.36789e+06
0.0557408	1021.97	1.36789e+06
0.0557834	1022.2	1.36789e+06
0.0558677	1022.68	1.36789e+06
0.0559099	1022.92	1.36789e+06
0.0559933	1023.42	1.36789e+06
0.0560351	1023.68	1.36789e+06
0.0561177	1024.2	1.36789e+06
0.056159	1024.47	1.36789e+06
0.0562407	1025.03	1.36789e+06
0.0562816	1025.31	1.36789e+06
0.0563624	1025.89	1.36789e+06
0.0564028	1026.2	1.36789e+06
0.0564828	1026.81	1.36789e+06
0.0565227	1027.13	1.36789e+06
0.0566018	1027.78	1.36789e+06
0.0566413	1028.11	1.36789e+06
0.0567194	1028.8	1.36789e+06
0.0567584	1029.15	1.36789e+06
0.0568356	1029.88	1.36789e+06
0.0568742	1030.26	1.36789e+06
0.0569504	1031.03	1.36789e+06
0.0569886	1031.43	1.36789e+06
0.0570639	1032.25	1.36789e+06
0.0571015	1032.68	1.36789e+06
0.0571758	1033.55	1.36789e+06
0.057213	1034	1.36789e+06
0.0572723	1034.76	1.36789e+06
0.0573019	1035.14	1.36789e+06
0.0573606	1035.94	1.36789e+06
0.0573899	1036.35	1.36789e+06
0.0574479	1037.18	1.36789e+06
0.0574769	1037.62	1.36789e+06
0.0575343	1038.5	1.36789e+06
0.0575629	1038.96	1.36789e+06
0.0576196	1039.91	1.36789e+06
0.0576479	1040.39	1.36789e+06
0.0577039	1041.4	1.36789e+06
0.0577319	1041.92	1.36789e+06
0.0577459	1042.18	1.36789e+06
0.0577738	1042.72	1.36789e+06
0.0577877	1042.99	1.36789e+06
0.0578153	1043.55	1.36789e+06
0.0578292	1043.83	1.36789e+06
0.0578566	1044.4	1.36789e+06
0.0578704	1044.7	1.36789e+06
0.0578977	1045.29	1.36789e+06
0.0579113	1045.59	1.36789e+06
0.0579385	1046.21	1.36789e+06
0.057952	1046.52	1.36789e+06
0.057979	1047.16	1.36789e+06
0.0579924	1047.48	1.36789e+06
0.0580192	1048.14	1.36789e+06
0.0580326	1048.48	1.36789e+06
0.0580592	1049.16	1.36789e+06
0.0580725	1049.51	1.36789e+06
0.0580989	1050.23	1.36789e+06
0.0581121	1050.59	1.36789e+06
0.0581383	1051.33	1.36789e+06
0.0581514	1051.71	1.36789e+06
0.0581775	1052.48	1.36789e+06
0.0581905	1052.87	1.36789e+06
0.0582163	1053.67	1.36789e+06
0.0582292	1054.08	1.36789e+06
0.0582549	1054.91	1.36789e+06
0.0582677	1055.34	1.36789e+06
0.0582932	1056.21	1.36789e+06
0.058306	1056.66	1.36789e+06
0.0583312	1057.57	1.36789e+06
0.0583439	1058.03	1.36789e+06
0.058369	1058.99	1.36789e+06
0.0583815	1059.47	1.36789e+06
0.0584064	1060.47	1.36789e+06
0.0584189	1060.98	1.36789e+06
0.0584436	1062.03	1.36789e+06
0.0584559	1062.56	1.36789e+06
0.0584804	1063.66	1.36789e+06
0.0584927	1064.23	1.36789e+06
0.058517	1065.38	1.36789e+06
0.0585292	1065.97	1.36789e+06
0.0585533	1067.19	1.36789e+06
0.0585653	1067.82	1.36789e+06
0.0585892	1069.1	1.36789e+06
0.0586012	1069.76	1.36789e+06
0.0586249	1071.12	1.36789e+06
0.0586308	1071.47	1.36789e+06
0.0586426	1072.18	1.36789e+06
0.0586485	1072.54	1.36789e+06
0.0586603	1073.27	1.36789e+06
0.0586662	1073.64	1.36789e+06
0.0586779	1074.39	1.36789e+06
0.0586837	1074.77	1.36789e+06
0.0586954	1075.54	1.36789e+06
0.0587012	1075.94	1.36789e+06
0.0587128	1076.73	1.36789e+06
0.0587186	1077.14	1.36789e+06
0.0587301	1077.97	1.36789e+06
0.0587359	1078.39	1.36789e+06
0.0587474	1079.24	1.36789e+06
0.0587531	1079.67	1.36789e+06
0.0587646	1080.55	1.36789e+06
0.0587703	1081	1.36789e+06
0.0587817	1081.92	1.36789e+06
0.0587874	1082.38	1.36789e+06
0.0587987	1083.33	1.36789e+06
0.0588044	1083.81	1.36789e+06
0.0588156	1084.79	1.36789e+06
0.0588213	1085.29	1.36789e+06
0.0588325	1086.31	1.36789e+06
0.0588381	1086.83	1.36789e+06
0.0588493	1087.88	1.36789e+06
0.0588549	1088.42	1.36789e+06
0.058866	1089.52	1.36789e+06
0.0588716	1090.08	1.36789e+06
0.0588826	1091.23	1.36789e+06
0.0588882	1091.81	1.36789e+06
0.0588992	1093	1.36789e+06
0.0589047	1093.61	1.36789e+06
0.0589156	1094.86	1.36789e+06
0.0589211	1095.5	1.36789e+06
0.058932	1096.79	1.36789e+06
0.0589374	1097.46	1.36789e+06
0.0589483	1098.82	1.36789e+06
0.0589537	1099.52	1.36789e+06
0.0589645	1100.94	1.36789e+06
0.0589699	1101.67	1.36789e+06
0.0589806	1103.17	1.36789e+06
0.058986	1103.94	1.36789e+06
0.0589967	1105.51	1.36789e+06
0.059002	1106.32	1.36789e+06
0.0590126	1107.97	1.36789e+06
0.0590179	1108.82	1.36789e+06
0.0590206	1109.26	1.36789e+06
0.0590259	1110.13	1.36789e+06
0.0590285	1110.58	1.36789e+06
0.0590338	1111.48	1.36789e+06
0.0590364	1111.93	1.36789e+06
0.0590417	1112.86	1.36789e+06
0.0590443	1113.33	1.36789e+06
0.0590496	1114.28	1.36789e+06
0.0590522	1114.77	1.36789e+06
0.0590574	1115.75	1.36789e+06
0.0590601	1116.24	1.36789e+06
0.0590653	1117.26	1.36789e+06
0.0590679	1117.77	1.36789e+06
0.0590731	1118.81	1.36789e+06
0.0590757	1119.34	1.36789e+06
0.0590809	1120.42	1.36789e+06
0.0590835	1120.96	1.36789e+06
0.0590887	1122.07	1.36789e+06
0.0590913	1122.64	1.36789e+06
0.0590964	1123.78	1.36789e+06
0.059099	1124.37	1.36789e+06
0.0591042	1125.55	1.36789e+06
0.0591067	1126.16	1.36789e+06
0.0591119	1127.38	1.36789e+06
0.0591144	1128.01	1.36789e+06
0.0591196	1129.28	1.36789e+06
0.0591221	1129.93	1.36789e+06
0.0591272	1131.24	1.36789e+06
0.0591298	1131.91	1.36789e+06
0.0591349	1133.28	1.36789e+06
0.0591374	1133.97	1.36789e+06
0.0591425	1135.39	1.36789e+06
0.059145	1136.12	1.36789e+06
0.0591501	1137.59	1.36789e+06
0.0591526	1138.34	1.36789e+06
0.0591576	1139.87	1.36789e+06
0.0591602	1140.66	1.36789e+06
0.0591652	1142.25	1.36789e+06
0.0591677	1143.07	1.36789e+06
0.0591727	1144.73	1.36789e+06
0.0591752	1145.58	1.36789e+06
0.0591802	1147.32	1.36789e+06
0.0591827	1148.21	1.36789e+06
0.0591877	1150.02	1.36789e+06
0.0591902	1150.95	1.36789e+06
0.0591952	1152.85	1.36789e+06
0.0591977	1153.82	1.36789e+06
0.0592026	1155.81	1.36789e+06
0.0592051	1156.83	1.36789e+06
0.05921	1158.91	1.36789e+06
0.0592125	1159.98	1.36789e+06
0.0592174	1162.17	1.36789e+06
0.0592186	1162.73	1.36789e+06
0.0592211	1163.87	1.36789e+06
0.0592223	1164.44	1.36789e+06
0.0592248	1165.61	1.36789e+06
0.059226	1166.19	1.36789e+06
0.0592285	1167.39	1.36789e+06
0.0592297	1167.99	1.36789e+06
0.0592321	1169.22	1.36789e+06
0.0592334	1169.84	1.36789e+06
0.0592358	1171.1	1.36789e+06
0.059237	1171.74	1.36789e+06
0.0592395	1173.04	1.36789e+06
0.0592407	1173.69	1.36789e+06
0.0592431	1175.02	1.36789e+06
0.0592443	1175.7	1.36789e+06
0.0592468	1177.07	1.36789e+06
0.059248	1177.76	1.36789e+06
0.0592504	1179.17	1.36789e+06
0.0592516	1179.89	1.36789e+06
0.059254	1181.34	1.36789e+06
0.0592552	1182.08	1.36789e+06
0.0592577	1183.57	1.36789e+06
0.0592589	1184.33	1.36789e+06
0.0592613	1185.87	1.36789e+06
0.0592625	1186.66	1.36789e+06
0.0592649	1188.24	1.36789e+06
0.0592661	1189.05	1.36789e+06
0.0592685	1190.69	1.36789e+06
0.0592697	1191.52	1.36789e+06
0.0592721	1193.21	1.36789e+06
0.0592733	1194.07	1.36789e+06
0.0592757	1195.82	1.36789e+06
0.0592769	1196.71	1.36789e+06
0.0592793	1198.51	1.36789e+06
0.0592805	1199.43	1.36789e+06
0.0592829	1201.3	1.36789e+06
0.0592841	1202.25	1.36789e+06
0.0592865	1204.17	1.36789e+06
0.0592877	1205.16	1.36789e+06
0.05929	1207.15	1.36789e+06
0.0592912	1208.17	1.36789e+06
0.0592936	1210.24	1.36789e+06
0.0592948	1211.29	1.36789e+06
0.0592972	1213.43	1.36789e+06
0.0592984	1214.52	1.36789e+06
0.0593007	1216.74	1.36789e+06
0.0593019	1217.87	1.36789e+06
0.0593043	1220.17	1.36789e+06
0.0593055	1221.34	1.36789e+06
0.0593078	1223.73	1.36789e+06
0.059309	1224.94	1.36789e+06
0.0593114	1227.42	1.36789e+06
0.0593126	1228.69	1.36789e+06
0.0593149	1231.26	1.36789e+06
0.0593161	1232.57	1.36789e+06
0.0593184	1235.24	1.36789e+06
0.0593196	1236.61	1.36789e+06
0.059322	1239.39	1.36789e+06
0.0593231	1240.81	1.36789e+06
0.0593255	1243.7	1.36789e+06
0.0593261	1244.43	1.36789e+06
0.0593272	1245.92	1.36789e+06
0.0593278	1246.67	1.36789e+06
0.059329	1248.18	1.36789e+06
0.0593296	1248.95	1.36789e+06
0.0593307	1250.49	1.36789e+06
0.0593313	1251.27	1.36789e+06
0.0593325	1252.85	1.36789e+06
0.0593331	1253.65	1.36789e+06
0.0593342	1255.25	1.36789e+06
0.0593348	1256.07	1.36789e+06
0.059336	1257.71	1.36789e+06
0.0593366	1258.54	1.36789e+06
0.0593377	1260.22	1.36789e+06
0.0593383	1261.06	1.36789e+06
0.0593395	1262.78	1.36789e+06
0.0593401	1263.64	1.36789e+06
0.0593412	1265.39	1.36789e+06
0.0593418	1266.27	1.36789e+06
0.059343	1268.06	1.36789e+06
0.0593435	1268.96	1.36789e+06
0.0593447	1270.78	1.36789e+06
0.0593453	1271.71	1.36789e+06
0.0593464	1273.57	1.36789e+06
0.059347	1274.51	1.36789e+06
0.0593482	1276.41	1.36789e+06
0.0593488	1277.37	1.36789e+06
0.0593499	1279.32	1.36789e+06
0.0593505	1280.3	1.36789e+06
0.0593516	1282.29	1.36789e+06
0.0593522	1283.29	1.36789e+06
0.0593534	1285.32	1.36789e+06
0.059354	1286.35	1.36789e+06
0.0593551	1288.42	1.36789e+06
0.0593557	1289.47	1.36789e+06
0.0593568	1291.59	1.36789e+06
0.0593574	1292.67	1.36789e+06
0.0593586	1294.84	1.36789e+06
0.0593591	1295.94	1.36789e+06
0.0593603	1298.16	1.36789e+06
0.0593609	1299.28	1.36789e+06
0.059362	1301.55	1.36789e+06
0.0593626	1302.7	1.36789e+06
0.0593637	1305.02	1.36789e+06
0.0593643	1306.2	1.36789e+06
0.0593655	1308.58	1.36789e+06
0.059366	1309.78	1.36789e+06
0.0593672	1312.22	1.36789e+06
0.0593678	1313.45	1.36789e+06
0.0593689	1315.94	1.36789e+06
0.0593695	1317.21	1.36789e+06
0.0593706	1319.76	1.36789e+06
0.0593709	1320.41	1.36789e+06
0.0593715	1321.71	1.36789e+06
0.0593718	1322.36	1.36789e+06
0.0593723	1323.68	1.36789e+06
0.0593726	1324.34	1.36789e+06
0.0593732	1325.67	1.36789e+06
0.0593735	1326.34	1.36789e+06
0.059374	1327.69	1.36789e+06
0.0593743	1328.37	1.36789e+06
0.0593749	1329.74	1.36789e+06
0.0593752	1330.43	1.36789e+06
0.0593758	1331.81	1.36789e+06
0.059376	1332.51	1.36789e+06
0.0593766	1333.91	1.36789e+06
0.0593769	1334.62	1.36789e+06
0.0593775	1336.04	1.36789e+06
0.0593778	1336.75	1.36789e+06
0.0593783	1338.19	1.36789e+06
0.0593786	1338.92	1.36789e+06
0.0593792	1340.38	1.36789e+06
0.0593795	1341.11	1.36789e+06
0.05938	1342.59	1.36789e+06
0.0593803	1343.34	1.36789e+06
0.0593809	1344.84	1.36789e+06
0.0593812	1345.59	1.36789e+06
0.0593817	1347.11	1.36789e+06
0.059382	1347.88	1.36789e+06
0.0593826	1349.42	1.36789e+06
0.0593829	1350.2	1.36789e+06
0.0593834	1351.76	1.36789e+06
0.0593837	1352.55	1.36789e+06
0.0593843	1354.14	1.36789e+06
0.0593846	1354.94	1.36789e+06
0.0593852	1356.55	1.36789e+06
0.0593854	1357.36	1.36789e+06
0.059386	1359	1.36789e+06
0.0593863	1359.82	1.36789e+06
0.0593869	1361.48	1.36789e+06
0.0593871	1362.32	1.36789e+06
0.0593877	1364	1.36789e+06
0.059388	1364.85	1.36789e+06
0.0593886	1366.56	1.36789e+06
0.0593888	1367.43	1.36789e+06
0.0593894	1369.16	1.36789e+06
0.0593897	1370.04	1.36789e+06
0.0593903	1371.81	1.36789e+06
0.0593905	1372.7	1.36789e+06
0.0593911	1374.49	1.36789e+06
0.0593914	1375.4	1.36789e+06
0.059392	1377.23	1.36789e+06
0.0593922	1378.15	1.36789e+06
0.0593928	1380	1.36789e+06
0.0593931	1380.94	1.36789e+06
0.0593936	1382.83	1.36789e+06
0.0593939	1383.78	1.36789e+06
0.0593945	1385.7	1.36789e+06
0.0593948	1386.67	1.36789e+06
0.0593953	1388.63	1.36789e+06
0.0593956	1389.62	1.36789e+06
0.0593962	1391.61	1.36789e+06
0.0593965	1392.62	1.36789e+06
0.059397	1394.64	1.36789e+06
0.0593973	1395.67	1.36789e+06
0.0593979	1397.74	1.36789e+06
0.0593982	1398.78	1.36789e+06
0.0593987	1400.89	1.36789e+06
0.059399	1401.95	1.36789e+06
0.0593996	1404.1	1.36789e+06
0.0593999	1405.19	1.36789e+06
0.0594004	1407.38	1.36789e+06
0.0594007	1408.49	1.36789e+06
0.0594013	1410.73	1.36789e+06
0.0594015	1411.86	1.36789e+06
0.0594021	1414.15	1.36789e+06
0.0594024	1415.3	1.36789e+06
0.0594029	1417.64	1.36789e+06
0.0594032	1418.82	1.36789e+06
0.0594038	1421.21	1.36789e+06
0.0594041	1422.41	1.36789e+06
0.0594046	1424.86	1.36789e+06
0.0594049	1426.09	1.36789e+06
0.0594055	1428.59	1.36789e+06
0.0594058	1429.85	1.36789e+06
0.0594059	1430.56	1.36789e+06
0.0594062	1431.97	1.36789e+06
0.0594064	1432.68	1.36789e+06
0.0594067	1434.1	1.36789e+06
0.0594068	1434.82	1.36789e+06
0.0594071	1436.27	1.36789e+06
0.0594073	1437	1.36789e+06
0.0594076	1438.47	1.36789e+06
0.0594078	1439.21	1.36789e+06
0.0594081	1440.7	1.36789e+06
0.0594082	1441.45	1.36789e+06
0.0594085	1442.96	1.36789e+06
0.0594087	1443.72	1.36789e+06
0.059409	1445.25	1.36789e+06
0.0594092	1446.02	1.36789e+06
0.0594095	1447.58	1.36789e+06
0.0594096	1448.36	1.36789e+06
0.0594099	1449.94	1.36789e+06
0.0594101	1450.73	1.36789e+06
0.0594104	1452.33	1.36789e+06
0.0594105	1453.14	1.36789e+06
0.0594108	1454.77	1.36789e+06
0.059411	1455.59	1.36789e+06
0.0594113	1457.24	1.36789e+06
0.0594115	1458.07	1.36789e+06
0.0594118	1459.75	1.36789e+06
0.0594119	1460.6	1.36789e+06
0.0594122	1462.31	1.36789e+06
0.0594124	1463.17	1.36789e+06
0.0594127	1464.9	1.36789e+06
0.0594128	1465.78	1.36789e+06
0.0594132	1467.54	1.36789e+06
0.0594133	1468.43	1.36789e+06
0.0594136	1470.23	1.36789e+06
0.0594138	1471.13	1.36789e+06
0.0594141	1472.96	1.36789e+06
0.0594142	1473.88	1.36789e+06
0.0594145	1475.74	1.36789e+06
0.0594147	1476.68	1.36789e+06
0.059415	1478.57	1.36789e+06
0.0594152	1479.53	1.36789e+06
0.0594155	1481.46	1.36789e+06
0.0594156	1482.43	1.36789e+06
0.0594159	1484.4	1.36789e+06
0.0594161	1485.39	1.36789e+06
0.0594164	1487.39	1.36789e+06
0.0594165	1488.41	1.36789e+06
0.0594168	1490.45	1.36789e+06
0.059417	1491.48	1.36789e+06
0.0594173	1493.57	1.36789e+06
0.0594175	1494.63	1.36789e+06
0.0594178	1496.76	1.36789e+06
0.0594179	1497.83	1.36789e+06
0.0594182	1500.01	1.36789e+06
0.0594184	1501.11	1.36789e+06
0.0594187	1503.34	1.36789e+06
0.0594188	1504.46	1.36789e+06
0.0594191	1506.74	1.36789e+06
0.0594193	1507.89	1.36789e+06
0.0594196	1510.21	1.36789e+06
0.0594198	1511.39	1.36789e+06
0.0594201	1513.78	1.36789e+06
0.0594202	1514.98	1.36789e+06
0.0594205	1517.42	1.36789e+06
0.0594206	1518.12	1.36789e+06
0.0594208	1519.54	1.36789e+06
0.0594209	1520.25	1.36789e+06
0.059421	1521.68	1.36789e+06
0.0594211	1522.4	1.36789e+06
0.0594213	1523.86	1.36789e+06
0.0594214	1524.59	1.36789e+06
0.0594216	1526.06	1.36789e+06
0.0594217	1526.81	1.36789e+06
0.0594218	1528.31	1.36789e+06
0.0594219	1529.06	1.36789e+06
0.0594221	1530.58	1.36789e+06
0.0594222	1531.35	1.36789e+06
0.0594224	1532.89	1.36789e+06
0.0594224	1533.67	1.36789e+06
0.0594226	1535.24	1.36789e+06
0.0594227	1536.03	1.36789e+06
0.0594229	1537.63	1.36789e+06
0.059423	1538.43	1.36789e+06
0.0594231	1540.05	1.36789e+06
0.0594232	1540.87	1.36789e+06
0.0594234	1542.52	1.36789e+06
0.0594235	1543.35	1.36789e+06
0.0594237	1545.03	1.36789e+06
0.0594237	1545.87	1.36789e+06
0.0594239	1547.58	1.36789e+06
0.059424	1548.44	1.36789e+06
0.0594242	1550.18	1.36789e+06
0.0594243	1551.05	1.36789e+06
0.0594244	1552.82	1.36789e+06
0.0594245	1553.71	1.36789e+06
0.0594247	1555.52	1.36789e+06
0.0594248	1556.42	1.36789e+06
0.059425	1558.26	1.36789e+06
0.059425	1559.19	1.36789e+06
0.0594252	1561.06	1.36789e+06
0.0594253	1562	1.36789e+06
0.0594255	1563.91	1.36789e+06
0.0594256	1564.88	1.36789e+06
0.0594257	1566.82	1.36789e+06
0.0594258	1567.81	1.36789e+06
0.059426	1569.79	1.36789e+06
0.0594261	1570.8	1.36789e+06
0.0594263	1572.83	1.36789e+06
0.0594264	1573.85	1.36789e+06
0.0594265	1575.92	1.36789e+06
0.0594266	1576.97	1.36789e+06
0.0594268	1579.09	1.36789e+06
0.0594269	1580.16	1.36789e+06
0.059427	1582.33	1.36789e+06
0.0594271	1583.43	1.36789e+06
0.0594273	1585.65	1.36789e+06
0.0594274	1586.77	1.36789e+06
0.0594274	1587.45	1.36789e+06
0.0594276	1588.83	1.36789e+06
0.0594276	1589.53	1.36789e+06
0.0594277	1590.93	1.36789e+06
0.0594278	1591.64	1.36789e+06
0.0594279	1593.06	1.36789e+06
0.0594279	1593.78	1.36789e+06
0.059428	1595.22	1.36789e+06
0.0594281	1595.95	1.36789e+06
0.0594282	1597.42	1.36789e+06
0.0594282	1598.16	1.36789e+06
0.0594283	1599.65	1.36789e+06
0.0594284	1600.4	1.36789e+06
0.0594285	1601.91	1.36789e+06
0.0594286	1602.68	1.36789e+06
0.0594287	1604.21	1.36789e+06
0.0594287	1604.99	1.36789e+06
0.0594288	1606.55	1.36789e+06
0.0594289	1607.34	1.36789e+06
0.059429	1608.93	1.36789e+06
0.059429	1609.74	1.36789e+06
0.0594291	1611.36	1.36789e+06
0.0594292	1612.17	1.36789e+06
0.0594293	1613.82	1.36789e+06
0.0594293	1614.65	1.36789e+06
0.0594294	1616.33	1.36789e+06
0.0594295	1617.17	1.36789e+06
0.0594296	1618.88	1.36789e+06
0.0594297	1619.74	1.36789e+06
0.0594298	1621.48	1.36789e+06
0.0594298	1622.36	1.36789e+06
0.0594299	1624.13	1.36789e+06
0.05943	1625.02	1.36789e+06
0.0594301	1626.83	1.36789e+06
0.0594301	1627.74	1.36789e+06
0.0594302	1629.58	1.36789e+06
0.0594303	1630.51	1.36789e+06
0.0594304	1632.39	1.36789e+06
0.0594304	1633.34	1.36789e+06
0.0594305	1635.26	1.36789e+06
0.0594306	1636.22	1.36789e+06
0.0594307	1638.18	1.36789e+06
0.0594308	1639.17	1.36789e+06
0.0594309	1641.17	1.36789e+06
0.0594309	1642.18	1.36789e+06
0.059431	1644.22	1.36789e+06
0.0594311	1645.26	1.36789e+06
0.0594312	1647.35	1.36789e+06
0.0594312	1648.03	1.36789e+06
0.0594313	1649.39	1.36789e+06
0.0594313	1650.08	1.36789e+06
0.0594314	1651.47	1.36789e+06
0.0594314	1652.17	1.36789e+06
0.0594315	1653.57	1.36789e+06
0.0594315	1654.28	1.36789e+06
0.0594316	1655.71	1.36789e+06
0.0594316	1656.43	1.36789e+06
0.0594317	1657.88	1.36789e+06
0.0594317	1658.62	1.36789e+06
0.0594318	1660.09	1.36789e+06
0.0594318	1660.83	1.36789e+06
0.0594319	1662.33	1.36789e+06
0.0594319	1663.09	1.36789e+06
0.059432	1664.61	1.36789e+06
0.059432	1665.38	1.36789e+06
0.0594321	1666.93	1.36789e+06
0.0594321	1667.71	1.36789e+06
0.0594322	1669.29	1.36789e+06
0.0594322	1670.08	1.36789e+06
0.0594323	1671.68	1.36789e+06
0.0594323	1672.49	1.36789e+06
0.0594324	1674.12	1.36789e+06
0.0594324	1674.94	1.36789e+06
0.0594325	1676.6	1.36789e+06
0.0594325	1677.44	1.36789e+06
0.0594326	1679.13	1.36789e+06
0.0594326	1679.99	1.36789e+06
0.0594327	1681.71	1.36789e+06
0.0594327	1682.58	1.36789e+06
0.0594328	1684.33	1.36789e+06
0.0594328	1685.22	1.36789e+06
0.0594329	1687	1.36789e+06
0.0594329	1687.91	1.36789e+06
0.059433	1689.73	1.36789e+06
0.059433	1690.65	1.36789e+06
0.0594331	1692.51	1.36789e+06
0.0594331	1693.45	1.36789e+06
0.0594332	1695.35	1.36789e+06
0.0594332	1696.31	1.36789e+06
0.0594333	1698.24	1.36789e+06
0.0594333	1699.22	1.36789e+06
0.0594334	1701.2	1.36789e+06
0.0594334	1702.2	1.36789e+06
0.0594335	1704.22	1.36789e+06
0.0594335	1704.9	1.36789e+06
0.0594336	1706.27	1.36789e+06
0.0594336	1706.96	1.36789e+06
0.0594336	1708.35	1.36789e+06
0.0594337	1709.05	1.36789e+06
0.0594337	1710.46	1.36789e+06
0.0594337	1711.17	1.36789e+06
0.0594338	1712.6	1.36789e+06
0.0594338	1713.32	1.36789e+06
0.0594338	1714.78	1.36789e+06
0.0594339	1715.51	1.36789e+06
0.0594339	1716.99	1.36789e+06
0.0594339	1717.73	1.36789e+06
0.059434	1719.23	1.36789e+06
0.059434	1719.99	1.36789e+06
0.059434	1721.52	1.36789e+06
0.0594341	1722.29	1.36789e+06
0.0594341	1723.84	1.36789e+06
0.0594341	1724.62	1.36789e+06
0.0594342	1726.2	1.36789e+06
0.0594342	1726.99	1.36789e+06
0.0594342	1728.6	1.36789e+06
0.0594343	1729.41	1.36789e+06
0.0594343	1731.04	1.36789e+06
0.0594343	1731.86	1.36789e+06
0.0594344	1733.52	1.36789e+06
0.0594344	1734.36	1.36789e+06
0.0594345	1736.05	1.36789e+06
0.0594345	1736.9	1.36789e+06
0.0594345	1738.63	1.36789e+06
0.0594345	1739.5	1.36789e+06
0.0594346	1741.25	1.36789e+06
0.0594346	1742.14	1.36789e+06
0.0594347	1743.92	1.36789e+06
0.0594347	1744.83	1.36789e+06
0.0594347	1746.65	1.36789e+06
0.0594347	1747.57	1.36789e+06
0.0594348	1749.43	1.36789e+06
0.0594348	1750.36	1.36789e+06
0.0594349	1752.26	1.36789e+06
0.0594349	1753.22	1.36789e+06
0.0594349	1755.15	1.36789e+06
0.0594349	1756.13	1.36789e+06
0.059435	1758.1	1.36789e+06
0.059435	1759.1	1.36789e+06
0.0594351	1761.12	1.36789e+06
0.0594351	1763.33	1.36789e+06
0.0594352	1765.55	1.36789e+06
0.0594352	1767.76	1.36789e+06
0.0594352	1769.97	1.36789e+06
0.0594353	1772.18	1.36789e+06
0.0594353	1774.39	1.36789e+06
0.0594354	1776.59	1.36789e+06
0.0594354	1778.8	1.36789e+06
0.0594355	1781	1.36789e+06
0.0594355	1783.2	1.36789e+06
0.0594356	1785.4	1.36789e+06
0.0594356	1787.59	1.36789e+06
0.0594356	1789.79	1.36789e+06
0.0594357	1791.98	1.36789e+06
0.0594357	1794.17	1.36789e+06
0.0594357	1796.35	1.36789e+06
0.0594358	1798.54	1.36789e+06
0.0594358	1800.72	1.36789e+06
0.0594359	1802.9	1.36789e+06
0.0594359	1805.07	1.36789e+06
0.0594359	1807.25	1.36789e+06
0.059436	1809.42	1.36789e+06
0.059436	1811.59	1.36789e+06
0.059436	1813.75	1.36789e+06
0.0594361	1815.91	1.36789e+06
0.0594361	1818.07	1.36789e+06
0.0594361	1820.23	1.36789e+06
0.0594362	1822.38	1.36789e+06
0.0594362	1824.53	1.36789e+06
0.0594362	1826.67	1.36789e+06
0.0594363	1828.81	1.36789e+06
0.0594363	1830.95	1.36789e+06
0.0594363	1833.09	1.36789e+06
0.0594363	1835.22	1.36789e+06
0.0594364	1837.35	1.36789e+06
0.0594364	1839.48	1.36789e+06
0.0594364	1841.6	1.36789e+06
0.0594364	1843.72	1.36789e+06
0.0594365	1845.83	1.36789e+06
0.0594365	1847.95	1.36789e+06
0.0594365	1850.05	1.36789e+06
0.0594365	1852.16	1.36789e+06
0.0594366	1854.26	1.36789e+06
0.0594366	1856.36	1.36789e+06
0.0594366	1858.45	1.36789e+06
0.0594366	1860.54	1.36789e+06
0.0594367	1862.63	1.36789e+06
0.0594367	1864.71	1.36789e+06
0.0594367	1866.79	1.36789e+06
0.0594367	1868.87	1.36789e+06
0.0594368	1870.94	1.36789e+06
0.0594368	1873.01	1.36789e+06
0.0594368	1875.07	1.36789e+06
0.0594368	1877.13	1.36789e+06
0.0594368	1879.19	1.36789e+06
0.0594369	1881.24	1.36789e+06
0.0594369	1883.29	1.36789e+06
0.0594369	1885.34	1.36789e+06
0.0594369	1887.38	1.36789e+06
0.0594369	1889.42	1.36789e+06
0.059437	1891.45	1.36789e+06
0.059437	1893.48	1.36789e+06
0.059437	1895.51	1.36789e+06
0.059437	1897.53	1.36789e+06
0.059437	1899.55	1.36789e+06
0.0594371	1901.57	1.36789e+06
0.0594371	1903.58	1.36789e+06
0.0594371	1905.59	1.36789e+06
0.0594371	1907.59	1.36789e+06
0.0594371	1909.59	1.36789e+06
0.0594371	1911.59	1.36789e+06
0.0594372	1913.58	1.36789e+06
0.0594372	1915.57	1.36789e+06
0.0594372	1917.55	1.36789e+06
0.0594372	1919.53	1.36789e+06
0.0594372	1921.51	1.36789e+06
0.0594372	1923.48	1.36789e+06
0.0594372	1925.45	1.36789e+06
0.0594373	1927.41	1.36789e+06
0.0594373	1929.37	1.36789e+06
0.0594373	1931.33	1.36789e+06
0.0594373	1933.28	1.36789e+06
0.0594373	1935.23	1.36789e+06
0.0594373	1935.82	1.36789e+06
0.0594373	1937.02	1.36789e+06
0.0594373	1937.62	1.36789e+06
0.0594373	1938.83	1.36789e+06
0.0594373	1939.44	1.36789e+06
0.0594374	1940.66	1.36789e+06
0.0594374	1941.28	1.36789e+06
0.0594374	1942.51	1.36789e+06
0.0594374	1943.13	1.36789e+06
0.0594374	1944.38	1.36789e+06
0.0594374	1945.01	1.36789e+06
0.0594374	1946.27	1.36789e+06
0.0594374	1946.9	1.36789e+06
0.0594374	1948.18	1.36789e+06
0.0594374	1948.82	1.36789e+06
0.0594374	1950.11	1.36789e+06
0.0594374	1950.76	1.36789e+06
0.0594374	1952.06	1.36789e+06
0.0594374	1952.72	1.36789e+06
0.0594374	1954.04	1.36789e+06
0.0594374	1954.7	1.36789e+06
0.0594375	1956.03	1.36789e+06
0.0594375	1956.71	1.36789e+06
0.0594375	1958.05	1.36789e+06
0.0594375	1958.73	1.36789e+06
0.0594375	1960.1	1.36789e+06
0.0594375	1960.78	1.36789e+06
0.0594375	1962.16	1.36789e+06
0.0594375	1962.86	1.36789e+06
0.0594375	1964.25	1.36789e+06
0.0594375	1964.95	1.36789e+06
0.0594375	1966.37	1.36789e+06
0.0594375	1967.08	1.36789e+06
0.0594375	1968.5	1.36789e+06
0.0594375	1969.22	1.36789e+06
0.0594375	1970.67	1.36789e+06
0.0594375	1971.39	1.36789e+06
0.0594376	1972.86	1.36789e+06
0.0594376	1973.59	1.36789e+06
0.0594376	1975.07	1.36789e+06
0.0594376	1975.82	1.36789e+06
0.0594376	1977.31	1.36789e+06
0.0594376	1978.07	1.36789e+06
0.0594376	1979.58	1.36789e+06
0.0594376	1980.35	1.36789e+06
0.0594376	1981.88	1.36789e+06
0.0594376	1982.65	1.36789e+06
0.0594376	1984.2	1.36789e+06
0.0594376	1984.99	1.36789e+06
0.0594376	1986.56	1.36789e+06
0.0594376	1987.35	1.36789e+06
0.0594376	1988.94	1.36789e+06
0.0594376	1989.74	1.36789e+06
0.0594377	1991.35	1.36789e+06
0.0594377	1992.16	1.36789e+06
0.0594377	1993.79	1.36789e+06
0.0594377	1994.61	1.36789e+06
0.0594377	1996.26	1.36789e+06
0.0594377	1997.1	1.36789e+06
0.0594377	1998.77	1.36789e+06
0.0594377	1999.61	1.36789e+06
0.0594377	2001.3	1.36789e+06
0.0594377	2002.15	1.36789e+06
0.0594377	2003.87	1.36789e+06
0.0594377	2004.73	1.36789e+06
0.0594377	2006.47	1.36789e+06
0.0594377	2007.34	1.36789e+06
0.0594377	2009.1	1.36789e+06
0.0594377	2009.98	1.36789e+06
0.0594378	2011.76	1.36789e+06
0.0594378	2012.66	1.36789e+06
0.0594378	2014.46	1.36789e+06
0.0594378	2015	1.36789e+06
0.0594378	2016.08	1.36789e+06
0.0594378	2016.62	1.36789e+06
0.0594378	2017.71	1.36789e+06
0.0594378	2018.25	1.36789e+06
0.0594378	2019.35	1.36789e+06
0.0594378	2019.9	1.36789e+06
0.0594378	2021	1.36789e+06
0.0594378	2021.55	1.36789e+06
0.0594378	2022.67	1.36789e+06
0.0594378	2023.22	1.36789e+06
0.0594378	2024.35	1.36789e+06
0.0594378	2024.91	1.36789e+06
0.0594378	2026.04	1.36789e+06
0.0594378	2026.6	1.36789e+06
0.0594378	2027.74	1.36789e+06
0.0594378	2028.31	1.36789e+06
0.0594378	2029.46	1.36789e+06
0.0594378	2030.03	1.36789e+06
0.0594378	2031.18	1.36789e+06
0.0594378	2031.76	1.36789e+06
0.0594379	2032.93	1.36789e+06
0.0594379	2033.51	1.36789e+06
0.0594379	2034.68	1.36789e+06
0.0594379	2035.27	1.36789e+06
0.0594379	2036.45	1.36789e+06
0.0594379	2037.04	1.36789e+06
0.0594379	2038.23	1.36789e+06
0.0594379	2038.82	1.36789e+06
0.0594379	2040.02	1.36789e+06
0.0594379	2040.62	1.36789e+06
0.0594379	2041.83	1.36789e+06
0.0594379	2042.43	1.36789e+06
0.0594379	2043.65	1.36789e+06
0.0594379	2044.25	1.36789e+06
0.0594379	2045.48	1.36789e+06
0.0594379	2046.09	1.36789e+06
0.0594379	2047.32	1.36789e+06
0.0594379	2047.94	1.36789e+06
0.0594379	2049.18	1.36789e+06
0.0594379	2049.8	1.36789e+06
0.0594379	2051.05	1.36789e+06
0.0594379	2051.68	1.36789e+06
0.0594379	2052.93	1.36789e+06
0.0594379	2053.57	1.36789e+06
0.0594379	2054.83	1.36789e+06
0.0594379	2055.47	1.36789e+06
0.059438	2056.74	1.36789e+06
0.059438	2057.38	1.36789e+06
0.059438	2058.66	1.36789e+06
0.059438	2059.31	1.36789e+06
0.059438	2060.6	1.36789e+06
0.059438	2061.24	1.36789e+06
0.059438	2062.54	1.36789e+06
0.059438	2063.2	1.36789e+06
0.059438	2064.5	1.36789e+06
0.059438	2065.16	1.36789e+06
0.059438	2066.48	1.36789e+06
0.059438	2067.14	1.36789e+06
0.059438	2068.46	1.36789e+06
0.059438	2069.12	1.36789e+06
0.059438	2070.46	1.36789e+06
0.059438	2071.12	1.36789e+06
0.059438	2072.46	1.36789e+06
0.059438	2073.13	1.36789e+06
0.059438	2074.48	1.36789e+06
0.059438	2075.16	1.36789e+06
0.059438	2076.51	1.36789e+06
0.059438	2077.19	1.36789e+06
0.059438	2078.55	1.36789e+06
0.059438	2079.24	1.36789e+06
0.059438	2080.61	1.36789e+06
0.059438	2081.29	1.36789e+06
0.059438	2082.67	1.36789e+06
0.0594381	2083.36	1.36789e+06
0.0594381	2084.74	1.36789e+06
0.0594381	2085.43	1.36789e+06
0.0594381	2086.82	1.36789e+06
0.0594381	2087.52	1.36789e+06
0.0594381	2088.92	1.36789e+06
0.0594381	2089.61	1.36789e+06
0.0594381	2091.02	1.36789e+06
0.0594381	2091.72	1.36789e+06
0.0594381	2093.13	1.36789e+06
0.0594381	2093.83	1.36789e+06
0.0594381	2095.24	1.36789e+06
0.0594381	2095.95	1.36789e+06
0.0594381	2097.37	1.36789e+06
0.0594381	2098.08	1.36789e+06
0.0594381	2099.5	1.36789e+06
0.0594381	2100.21	1.36789e+06
0.0594381	2101.64	1.36789e+06
0.0594381	2102.35	1.36789e+06
0.0594381	2103.78	1.36789e+06
0.0594381	2104.5	1.36789e+06
0.0594381	2105.93	1.36789e+06
0.0594381	2106.65	1.36789e+06
0.0594381	2108.08	1.36789e+06
0.0594381	2108.8	1.36789e+06
0.0594381	2110.24	1.36789e+06
0.0594381	2110.96	1.36789e+06
0.0594382	2112.4	1.36789e+06
0.0594382	2113.12	1.36789e+06
0.0594382	2114.56	1.36789e+06
0.0594382	2115.28	1.36789e+06
0.0594382	2116.73	1.36789e+06
0.0594382	2117.15	1.36789e+06
0.0594382	2118.01	1.36789e+06
0.0594382	2118.43	1.36789e+06
0.0594382	2119.29	1.36789e+06
0.0594382	2119.71	1.36789e+06
0.0594382	2120.56	1.36789e+06
0.0594382	2120.99	1.36789e+06
0.0594382	2121.84	1.36789e+06
0.0594382	2122.27	1.36789e+06
0.0594382	2123.12	1.36789e+06
0.0594382	2123.55	1.36789e+06
0.0594382	2124.4	1.36789e+06
0.0594382	2124.83	1.36789e+06
0.0594382	2125.68	1.36789e+06
0.0594382	2126.1	1.36789e+06
0.0594382	2126.95	1.36789e+06
0.0594382	2127.38	1.36789e+06
0.0594382	2128.23	1.36789e+06
0.0594382	2128.65	1.36789e+06
0.0594382	2129.5	1.36789e+06
0.0594382	2129.92	1.36789e+06
0.0594382	2130.77	1.36789e+06
0.0594382	2131.19	1.36789e+06
0.0594382	2132.04	1.36789e+06
0.0594382	2132.46	1.36789e+06
0.0594382	2133.31	1.36789e+06
0.0594382	2133.73	1.36789e+06
0.0594382	2134.57	1.36789e+06
0.0594382	2134.99	1.36789e+06
0.0594382	2135.83	1.36789e+06
0.0594382	2136.25	1.36789e+06
0.0594382	2137.09	1.36789e+06
0.0594382	2137.51	1.36789e+06
0.0594382	2138.34	1.36789e+06
0.0594382	2138.76	1.36789e+06
0.0594382	2139.59	1.36789e+06
0.0594382	2140.01	1.36789e+06
0.0594383	2140.84	1.36789e+06
0.0594383	2141.26	1.36789e+06
0.0594383	2142.09	1.36789e+06
0.0594383	2142.5	1.36789e+06
0.0594383	2143.33	1.36789e+06
0.0594383	2143.74	1.36789e+06
0.0594383	2144.56	1.36789e+06
0.0594383	2144.97	1.36789e+06
0.0594383	2145.79	1.36789e+06
0.0594383	2146.2	1.36789e+06
0.0594383	2147.02	1.36789e+06
0.0594383	2147.43	1.36789e+06
0.0594383	2148.24	1.36789e+06
0.0594383	2148.65	1.36789e+06
0.0594383	2149.46	1.36789e+06
0.0594383	2149.86	1.36789e+06
0.0594383	2150.67	1.36789e+06
0.0594383	2151.07	1.36789e+06
0.0594383	2151.87	1.36789e+06
0.0594383	2152.27	1.36789e+06
0.0594383	2153.07	1.36789e+06
0.0594383	2153.47	1.36789e+06
0.0594383	2154.26	1.36789e+06
0.0594383	2154.66	1.36789e+06
0.0594383	2155.45	1.36789e+06
0.0594383	2155.84	1.36789e+06
0.0594383	2156.63	1.36789e+06
0.0594383	2157.02	1.36789e+06
0.0594383	2157.8	1.36789e+06
0.0594383	2158.19	1.36789e+06
0.0594383	2158.97	1.36789e+06
0.0594383	2159.35	1.36789e+06
0.0594383	2160.12	1.36789e+06
0.0594383	2160.51	1.36789e+06
0.0594383	2161.28	1.36789e+06
0.0594383	2161.66	1.36789e+06
0.0594383	2162.42	1.36789e+06
0.0594383	2162.8	1.36789e+06
0.0594383	2163.55	1.36789e+06
0.0594383	2163.93	1.36789e+06
0.0594383	2164.68	1.36789e+06
0.0594383	2165.06	1.36789e+06
0.0594383	2165.8	1.36789e+06
0.0594383	2166.17	1.36789e+06
0.0594383	2166.91	1.36789e+06
0.0594384	2167.28	1.36789e+06
0.0594384	2168.02	1.36789e+06
0.0594384	2168.38	1.36789e+06
0.0594384	2169.11	1.36789e+06
0.0594384	2169.48	1.36789e+06
0.0594384	2170.2	1.36789e+06
0.0594384	2170.56	1.36789e+06
0.0594384	2171.28	1.36789e+06
0.0594384	2171.64	1.36789e+06
0.0594384	2172.35	1.36789e+06
0.0594384	2172.7	1.36789e+06
0.0594384	2173.41	1.36789e+06
0.0594384	2173.76	1.36789e+06
0.0594384	2174.46	1.36789e+06
0.0594384	2174.81	1.36789e+06
0.0594384	2175.5	1.36789e+06
0.0594384	2175.85	1.36789e+06
0.0594384	2176.54	1.36789e+06
0.0594384	2176.88	1.36789e+06
0.0594384	2177.56	1.36789e+06
0.0594384	2177.9	1.36789e+06
0.0594384	2178.58	1.36789e+06
0.0594384	2178.92	1.36789e+06
0.0594384	2179.59	1.36789e+06
0.0594384	2179.92	1.36789e+06
0.0594384	2180.58	1.36789e+06
0.0594384	2180.91	1.36789e+06
0.0594384	2181.57	1.36789e+06
0.0594384	2181.9	1.36789e+06
0.0594384	2182.55	1.36789e+06
0.0594384	2182.88	1.36789e+06
0.0594384	2183.52	1.36789e+06
0.0594384	2183.85	1.36789e+06
0.0594384	2184.49	1.36789e+06
0.0594384	2184.81	1.36789e+06
0.0594384	2185.44	1.36789e+06
0.0594384	2185.76	1.36789e+06
0.0594384	2186.38	1.36789e+06
0.0594384	2186.7	1.36789e+06
0.0594384	2187.32	1.36789e+06
0.0594384	2187.63	1.36789e+06
0.0594384	2188.25	1.36789e+06
0.0594384	2188.56	1.36789e+06
0.0594384	2189.17	1.36789e+06
0.0594384	2189.47	1.36789e+06
0.0594385	2190.08	1.36789e+06
0.0594385	2190.38	1.36789e+06
0.0594385	2190.98	1.36789e+06
0.0594385	2191.28	1.36789e+06
0.0594385	2191.88	1.36789e+06
0.0594385	2192.17	1.36789e+06
0.0594385	2192.76	1.36789e+06
0.0594385	2193.06	1.36789e+06
0.0594385	2193.64	1.36789e+06
0.0594385	2193.93	1.36789e+06
0.0594385	2194.51	1.36789e+06
0.0594385	2194.8	1.36789e+06
0.0594385	2195.38	1.36789e+06
0.0594385	2195.66	1.36789e+06
0.0594385	2196.23	1.36789e+06
0.0594385	2196.52	1.36789e+06
0.0594385	2197.08	1.36789e+06
0.0594385	2197.37	1.36789e+06
0.0594385	2197.93	1.36789e+06
0.0594385	2198.21	1.36789e+06
0.0594385	2198.76	1.36789e+06
0.0594385	2199.04	1.36789e+06
0.0594385	2199.59	1.36789e+06
0.0594385	2199.87	1.36789e+06
0.0594385	2200.42	1.36789e+06
0.0594385	2200.69	1.36789e+06
0.0594385	2201.23	1.36789e+06
0.0594385	2202.32	1.36789e+06
0.0594385	2202.85	1.36789e+06
0.0594385	2203.92	1.36789e+06
0.0594385	2204.45	1.36789e+06
0.0594385	2205.5	1.36789e+06
0.0594385	2206.02	1.36789e+06
0.0594385	2207.06	1.36789e+06
0.0594385	2207.58	1.36789e+06
0.0594385	2208.61	1.36789e+06
0.0594386	2209.12	1.36789e+06
0.0594386	2210.14	1.36789e+06
0.0594386	2210.64	1.36789e+06
0.0594386	2211.65	1.36789e+06
0.0594386	2212.15	1.36789e+06
0.0594386	2213.15	1.36789e+06
0.0594386	2213.65	1.36789e+06
0.0594386	2214.64	1.36789e+06
0.0594386	2215.13	1.36789e+06
0.0594386	2216.12	1.36789e+06
0.0594386	2216.61	1.36789e+06
0.0594386	2217.58	1.36789e+06
0.0594386	2218.07	1.36789e+06
0.0594386	2219.04	1.36789e+06
0.0594386	2219.53	1.36789e+06
0.0594386	2220.49	1.36789e+06
0.0594386	2220.98	1.36789e+06
0.0594386	2221.94	1.36789e+06
0.0594386	2222.42	1.36789e+06
0.0594386	2223.38	1.36789e+06
0.0594386	2223.85	1.36789e+06
0.0594386	2224.81	1.36789e+06
0.0594386	2225.28	1.36789e+06
0.0594387	2226.24	1.36789e+06
0.0594387	2226.71	1.36789e+06
0.0594387	2227.66	1.36789e+06
0.0594387	2229.55	1.36789e+06
0.0594387	2230.49	1.36789e+06
0.0594387	2232.38	1.36789e+06
0.0594387	2233.32	1.36789e+06
0.0594387	2235.19	1.36789e+06
0.0594387	2236.13	1.36789e+06
0.0594387	2238	1.36789e+06
0.0594387	2238.93	1.36789e+06
0.0594387	2240.79	1.36789e+06
0.0594388	2241.72	1.36789e+06
0.0594388	2243.58	1.36789e+06
0.0594388	2244.5	1.36789e+06
0.0594388	2246.35	1.36789e+06
0.0594388	2247.28	1.36789e+06
0.0594388	2249.12	1.36789e+06
0.0594388	2250.04	1.36789e+06
0.0594388	2251.87	1.36789e+06
0.0594388	2252.79	1.36789e+06
0.0594388	2254.62	1.36789e+06
0.0594388	2255.53	1.36789e+06
0.0594389	2257.35	1.36789e+06
0.0594389	2258.26	1.36789e+06
0.0594389	2260.07	1.36789e+06
0.0594389	2260.97	1.36789e+06
0.0594389	2262.78	1.36789e+06
0.0594389	2263.68	1.36789e+06
0.0594389	2265.47	1.36789e+06
0.0594389	2266.36	1.36789e+06
0.0594389	2268.15	1.36789e+06
0.0594389	2269.04	1.36789e+06
0.0594389	2270.81	1.36789e+06
0.0594389	2271.69	1.36789e+06
0.059439	2273.46	1.36789e+06
0.059439	2274.33	1.36789e+06
0.059439	2276.09	1.36789e+06
0.059439	2276.96	1.36789e+06
0.059439	2278.7	1.36789e+06
0.059439	2279.57	1.36789e+06
0.059439	2281.3	1.36789e+06
0.059439	2282.21	1.36789e+06
0.059439	2284.05	1.36789e+06
0.059439	2284.96	1.36789e+06
0.059439	2286.41	1.36789e+06
0.0594391	2289.3	1.36789e+06
0.0594391	2290.73	1.36789e+06
0.0594391	2293.59	1.36789e+06
0.0594391	2295	1.36789e+06
0.0594391	2297.82	1.36789e+06
0.0594391	2299.22	1.36789e+06
0.0594392	2302	1.36789e+06
0.0594392	2303.38	1.36789e+06
0.0594392	2306.12	1.36789e+06
0.0594392	2307.48	1.36789e+06
0.0594392	2310.19	1.36789e+06
0.0594392	2311.53	1.36789e+06
0.0594392	2314.2	1.36789e+06
0.0594393	2315.52	1.36789e+06
0.0594393	2318.15	1.36789e+06
0.0594393	2319.46	1.36789e+06
0.0594393	2322.05	1.36789e+06
0.0594393	2323.34	1.36789e+06
0.0594393	2325.9	1.36789e+06
0.0594393	2327.16	1.36789e+06
0.0594394	2329.68	1.36789e+06
0.0594394	2330.93	1.36789e+06
0.0594394	2333.42	1.36789e+06
0.0594394	2334.65	1.36789e+06
0.0594394	2337.1	1.36789e+06
0.0594394	2338.31	1.36789e+06
0.0594395	2340.72	1.36789e+06
0.0594395	2341.92	1.36789e+06
0.0594395	2344.29	1.36789e+06
0.0594395	2345.47	1.36789e+06
0.0594395	2347.81	1.36789e+06
0.0594395	2348.97	1.36789e+06
0.0594396	2351.28	1.36789e+06
0.0594396	2352.42	1.36789e+06
0.0594396	2354.69	1.36789e+06
0.0594396	2355.82	1.36789e+06
0.0594396	2358.06	1.36789e+06
0.0594396	2359.17	1.36789e+06
0.0594396	2361.37	1.36789e+06
0.0594397	2362.46	1.36789e+06
0.0594397	2364.63	1.36789e+06
0.0594397	2365.71	1.36789e+06
0.0594397	2367.85	1.36789e+06
0.0594397	2368.91	1.36789e+06
0.0594397	2371.01	1.36789e+06
0.0594397	2372.12	1.36789e+06
0.0594398	2374.32	1.36789e+06
0.0594398	2375.42	1.36789e+06
0.0594398	2377.58	1.36789e+06
0.0594398	2378.66	1.36789e+06
0.0594398	2380.79	1.36789e+06
0.0594398	2381.84	1.36789e+06
0.0594399	2383.51	1.36789e+06
0.0594399	2384.62	1.36789e+06
0.0594399	2386.82	1.36789e+06
0.0594399	2387.92	1.36789e+06
0.0594399	2390.08	1.36789e+06
0.0594399	2391.15	1.36789e+06
0.05944	2393.28	1.36789e+06
0.05944	2394.34	1.36789e+06
0.05944	2396.01	1.36789e+06
0.05944	2397.12	1.36789e+06
0.05944	2399.32	1.36789e+06
0.05944	2400.41	1.36789e+06
0.0594401	2402.57	1.36789e+06
0.0594401	2403.65	1.36789e+06
0.0594401	2405.77	1.36789e+06
0.0594401	2406.82	1.36789e+06
0.0594401	2408.49	1.36789e+06
0.0594401	2409.6	1.36789e+06
0.0594402	2411.8	1.36789e+06
0.0594402	2412.89	1.36789e+06
0.0594402	2415.05	1.36789e+06
0.0594402	2416.12	1.36789e+06
0.0594402	2418.23	1.36789e+06
0.0594403	2419.28	1.36789e+06
0.0594403	2420.95	1.36789e+06
0.0594403	2422.05	1.36789e+06
0.0594403	2424.24	1.36789e+06
0.0594403	2425.33	1.36789e+06
0.0594404	2427.48	1.36789e+06
0.0594404	2428.54	1.36789e+06
0.0594404	2430.64	1.36789e+06
0.0594404	2431.68	1.36789e+06
0.0594404	2433.34	1.36789e+06
0.0594405	2434.44	1.36789e+06
0.0594405	2436.61	1.36789e+06
0.0594405	2437.68	1.36789e+06
0.0594405	2439.81	1.36789e+06
0.0594405	2440.86	1.36789e+06
0.0594406	2442.94	1.36789e+06
0.0594406	2443.97	1.36789e+06
0.0594406	2445.6	1.36789e+06
0.0594406	2446.69	1.36789e+06
0.0594407	2448.83	1.36789e+06
0.0594407	2449.88	1.36789e+06
0.0594407	2451.98	1.36789e+06
0.0594407	2453.01	1.36789e+06
0.0594408	2455.05	1.36789e+06
0.0594408	2456.07	1.36789e+06
0.0594408	2457.66	1.36789e+06
0.0594408	2458.72	1.36789e+06
0.0594409	2460.81	1.36789e+06
0.0594409	2461.84	1.36789e+06
0.0594409	2463.88	1.36789e+06
0.0594409	2464.89	1.36789e+06
0.059441	2466.88	1.36789e+06
0.059441	2467.87	1.36789e+06
0.059441	2469.81	1.36789e+06
0.059441	2470.83	1.36789e+06
0.0594411	2472.85	1.36789e+06
0.0594411	2473.85	1.36789e+06
0.0594411	2475.82	1.36789e+06
0.0594411	2476.79	1.36789e+06
0.0594412	2478.71	1.36789e+06
0.0594412	2479.66	1.36789e+06
0.0594412	2481.54	1.36789e+06
0.0594412	2482.52	1.36789e+06
0.0594413	2484.46	1.36789e+06
0.0594413	2485.41	1.36789e+06
0.0594413	2487.3	1.36789e+06
0.0594414	2488.23	1.36789e+06
0.0594414	2490.08	1.36789e+06
0.0594414	2490.99	1.36789e+06
0.0594415	2492.79	1.36789e+06
0.0594415	2493.68	1.36789e+06
0.0594415	2495.08	1.36789e+06
0.0594415	2496.01	1.36789e+06
0.0594416	2497.84	1.36789e+06
0.0594416	2498.74	1.36789e+06
0.0594416	2500.52	1.36789e+06
0.0594417	2501.41	1.36789e+06
0.0594417	2503.15	1.36789e+06
0.0594417	2504.01	1.36789e+06
0.0594418	2505.71	1.36789e+06
0.0594418	2506.55	1.36789e+06
0.0594418	2507.87	1.36789e+06
0.0594418	2508.75	1.36789e+06
0.0594419	2510.47	1.36789e+06
0.0594419	2511.32	1.36789e+06
0.0594419	2513	1.36789e+06
0.059442	2513.83	1.36789e+06
0.059442	2515.47	1.36789e+06
0.059442	2516.28	1.36789e+06
0.0594421	2517.89	1.36789e+06
0.0594421	2518.68	1.36789e+06
0.0594421	2519.93	1.36789e+06
0.0594421	2520.75	1.36789e+06
0.0594422	2522.37	1.36789e+06
0.0594422	2523.17	1.36789e+06
0.0594423	2524.76	1.36789e+06
0.0594423	2525.54	1.36789e+06
0.0594423	2527.09	1.36789e+06
0.0594423	2527.85	1.36789e+06
0.0594424	2529.36	1.36789e+06
0.0594424	2530.11	1.36789e+06
0.0594425	2531.29	1.36789e+06
0.0594425	2532.06	1.36789e+06
0.0594425	2533.6	1.36789e+06
0.0594425	2534.36	1.36789e+06
0.0594426	2535.85	1.36789e+06
0.0594426	2536.59	1.36789e+06
0.0594427	2538.05	1.36789e+06
0.0594427	2538.78	1.36789e+06
0.0594427	2540.2	1.36789e+06
0.0594428	2540.91	1.36789e+06
0.0594428	2542.02	1.36789e+06
0.0594428	2542.76	1.36789e+06
0.0594429	2544.21	1.36789e+06
0.0594429	2544.93	1.36789e+06
0.059443	2546.35	1.36789e+06
0.059443	2547.05	1.36789e+06
0.059443	2548.43	1.36789e+06
0.0594431	2549.12	1.36789e+06
0.0594431	2550.47	1.36789e+06
0.0594431	2551.17	1.36789e+06
0.0594432	2552.56	1.36789e+06
0.0594432	2553.25	1.36789e+06
0.0594433	2554.61	1.36789e+06
0.0594433	2555.28	1.36789e+06
0.0594434	2556.6	1.36789e+06
0.0594434	2557.26	1.36789e+06
0.0594434	2558.55	1.36789e+06
0.0594435	2559.22	1.36789e+06
0.0594435	2560.56	1.36789e+06
0.0594436	2561.22	1.36789e+06
0.0594436	2562.52	1.36789e+06
0.0594436	2563.16	1.36789e+06
0.0594437	2564.43	1.36789e+06
0.0594437	2565.06	1.36789e+06
0.0594438	2566.04	1.36789e+06
0.0594438	2566.69	1.36789e+06
0.0594439	2567.98	1.36789e+06
0.0594439	2568.61	1.36789e+06
0.059444	2569.87	1.36789e+06
0.059444	2570.48	1.36789e+06
0.059444	2571.71	1.36789e+06
0.0594441	2572.31	1.36789e+06
0.0594441	2573.26	1.36789e+06
0.0594442	2573.88	1.36789e+06
0.0594442	2575.12	1.36789e+06
0.0594443	2575.73	1.36789e+06
0.0594443	2576.93	1.36789e+06
0.0594444	2577.53	1.36789e+06
0.0594444	2578.7	1.36789e+06
0.0594444	2579.28	1.36789e+06
0.0594445	2580.2	1.36789e+06
0.0594445	2580.8	1.36789e+06
0.0594446	2581.99	1.36789e+06
0.0594446	2582.58	1.36789e+06
0.0594447	2583.74	1.36789e+06
0.0594447	2584.31	1.36789e+06
0.0594448	2585.44	1.36789e+06
0.0594448	2585.99	1.36789e+06
0.0594449	2586.87	1.36789e+06
0.0594449	2587.45	1.36789e+06
0.059445	2588.6	1.36789e+06
0.059445	2589.16	1.36789e+06
0.0594451	2590.28	1.36789e+06
0.0594452	2590.83	1.36789e+06
0.0594452	2591.92	1.36789e+06
0.0594453	2592.45	1.36789e+06
0.0594453	2593.3	1.36789e+06
0.0594454	2593.86	1.36789e+06
0.0594454	2594.96	1.36789e+06
0.0594455	2595.5	1.36789e+06
0.0594456	2596.58	1.36789e+06
0.0594456	2597.1	1.36789e+06
0.0594457	2598.15	1.36789e+06
0.0594457	2598.66	1.36789e+06
0.0594458	2599.48	1.36789e+06
0.0594458	2600.01	1.36789e+06
0.0594459	2601.07	1.36789e+06
0.0594459	2601.6	1.36789e+06
0.059446	2602.63	1.36789e+06
0.0594461	2603.14	1.36789e+06
0.0594462	2604.14	1.36789e+06
0.0594462	2604.63	1.36789e+06
0.0594463	2605.41	1.36789e+06
0.0594463	2605.93	1.36789e+06
0.0594464	2606.95	1.36789e+06
0.0594464	2607.45	1.36789e+06
0.0594465	2608.44	1.36789e+06
0.0594466	2608.93	1.36789e+06
0.0594467	2609.89	1.36789e+06
0.0594467	2610.36	1.36789e+06
0.0594468	2611.11	1.36789e+06
0.0594468	2611.61	1.36789e+06
0.0594469	2612.58	1.36789e+06
0.059447	2613.06	1.36789e+06
0.0594471	2614.01	1.36789e+06
0.0594471	2614.48	1.36789e+06
0.0594472	2615.4	1.36789e+06
0.0594473	2615.85	1.36789e+06
0.0594473	2616.57	1.36789e+06
0.0594475	2617.97	1.36789e+06
0.0594476	2618.66	1.36789e+06
0.0594477	2620	1.36789e+06
0.0594478	2620.65	1.36789e+06
0.0594479	2621.93	1.36789e+06
0.059448	2622.56	1.36789e+06
0.0594482	2623.78	1.36789e+06
0.0594482	2624.38	1.36789e+06
0.0594484	2625.56	1.36789e+06
0.0594485	2626.13	1.36789e+06
0.0594486	2627.25	1.36789e+06
0.0594487	2627.8	1.36789e+06
0.0594489	2628.88	1.36789e+06
0.0594489	2629.4	1.36789e+06
0.0594491	2630.44	1.36789e+06
0.0594492	2630.94	1.36789e+06
0.0594493	2631.93	1.36789e+06
0.0594494	2632.42	1.36789e+06
0.0594495	2633.37	1.36789e+06
0.0594496	2633.83	1.36789e+06
0.0594498	2634.74	1.36789e+06
0.0594499	2635.19	1.36789e+06
0.05945	2636.07	1.36789e+06
0.0594501	2636.5	1.36789e+06
0.0594502	2637.34	1.36789e+06
0.0594503	2637.75	1.36789e+06
0.0594505	2638.56	1.36789e+06
0.0594505	2638.96	1.36789e+06
0.0594507	2639.73	1.36789e+06
0.0594508	2640.12	1.36789e+06
0.0594509	2640.87	1.36789e+06
0.059451	2641.23	1.36789e+06
0.0594511	2641.95	1.36789e+06
0.0594512	2642.31	1.36789e+06
0.0594514	2643	1.36789e+06
0.0594515	2643.34	1.36789e+06
0.0594516	2644.01	1.36789e+06
0.0594517	2644.36	1.36789e+06
0.0594519	2645.04	1.36789e+06
0.0594519	2645.37	1.36789e+06
0.0594521	2646.03	1.36789e+06
0.0594522	2646.35	1.36789e+06
0.0594523	2646.85	1.36789e+06
0.0594526	2647.83	1.36789e+06
0.0594527	2648.3	1.36789e+06
0.0594529	2649.21	1.36789e+06
0.0594531	2649.66	1.36789e+06
0.0594533	2650.52	1.36789e+06
0.0594535	2650.94	1.36789e+06
0.0594537	2651.75	1.36789e+06
0.0594538	2652.15	1.36789e+06
0.0594541	2652.91	1.36789e+06
0.0594542	2653.28	1.36789e+06
0.0594545	2654	1.36789e+06
0.0594546	2654.35	1.36789e+06
0.0594549	2655.03	1.36789e+06
0.059455	2655.36	1.36789e+06
0.0594553	2656.01	1.36789e+06
0.0594554	2656.32	1.36789e+06
0.0594556	2656.93	1.36789e+06
0.0594558	2657.22	1.36789e+06
0.059456	2657.79	1.36789e+06
0.0594565	2658.88	1.36789e+06
0.0594568	2659.39	1.36789e+06
0.0594573	2660.36	1.36789e+06
0.0594576	2660.81	1.36789e+06
0.0594581	2661.68	1.36789e+06
0.0594583	2662.09	1.36789e+06
0.0594589	2662.87	1.36789e+06
0.0594591	2663.24	1.36789e+06
0.0594596	2663.93	1.36789e+06
0.0594599	2664.26	1.36789e+06
0.0594604	2664.89	1.36789e+06
0.0594606	2665.19	1.36789e+06
0.0594612	2665.75	1.36789e+06
0.0594614	2666.02	1.36789e+06
0.0594619	2666.52	1.36789e+06
0.0594629	2667.43	1.36789e+06
0.0594635	2667.85	1.36789e+06
0.0594645	2668.58	1.36789e+06
0.059465	2668.92	1.36789e+06
0.059466	2669.52	1.36789e+06
0.0594665	2669.79	1.36789e+06
0.0594675	2670.28	1.36789e+06
0.0594696	2671.07	1.36789e+06
0.0594706	2671.39	1.36789e+06
0.0594726	2671.92	1.36789e+06
0.0594737	2672.13	1.36789e+06
0.0594757	2672.47	1.36789e+06
0.0594796	2672.91	1.36789e+06
0.0594827	2673.11	1.36789e+06
0.0594882	2673.28	1.36789e+06
0.0594909	2673.31	1.36789e+06
0.0594963	2673.32	1.36789e+06
0.0595068	2673.21	1.36789e+06
0.059512	2673.14	1.36789e+06
0.0595224	2672.98	1.36789e+06
0.0595276	2672.89	1.36789e+06
0.0595379	2672.73	1.36789e+06
0.059558	2672.4	1.36789e+06
0.059568	2672.24	1.36789e+06
0.0595876	2671.93	1.36789e+06
0.0595975	2671.78	1.36789e+06
0.0596166	2671.49	1.36789e+06
0.0596262	2671.34	1.36789e+06
0.0596449	2671.06	1.36789e+06
0.0596543	2670.92	1.36789e+06
0.0596724	2670.66	1.36789e+06
0.0596815	2670.53	1.36789e+06
0.0596992	2670.28	1.36789e+06
0.0597081	2670.15	1.36789e+06
0.0597253	2669.92	1.36789e+06
0.0597338	2669.8	1.36789e+06
0.0597505	2669.58	1.36789e+06
0.0597817	2669.17	1.36789e+06
0.0597973	2668.97	1.36789e+06
0.0598262	2668.61	1.36789e+06
0.0598407	2668.44	1.36789e+06
0.0598673	2668.13	1.36789e+06
0.0598805	2667.97	1.36789e+06
0.0599044	2667.7	1.36789e+06
0.0599164	2667.57	1.36789e+06
0.0599373	2667.35	1.36789e+06
0.0599686	2667.02	1.36789e+06
0.0599843	2666.86	1.36789e+06
0.06	2666.7	1.36789e+06
0.0600313	2666.4	1.36789e+06
0.060047	2666.25	1.36789e+06
0.0600783	2665.97	1.36789e+06
0.060094	2665.83	1.36789e+06
0.0601252	2665.56	1.36789e+06
0.0601408	2665.44	1.36789e+06
0.060172	2665.19	1.36789e+06
0.0601876	2665.07	1.36789e+06
0.0602188	2664.83	1.36789e+06
0.0602811	2664.39	1.36789e+06
0.0603122	2664.19	1.36789e+06
0.0603743	2663.81	1.36789e+06
0.0604054	2663.63	1.36789e+06
0.0604673	2663.3	1.36789e+06
0.0604982	2663.14	1.36789e+06
0.0605599	2662.86	1.36789e+06
0.0605908	2662.72	1.36789e+06
0.0606523	2662.47	1.36789e+06
0.060683	2662.36	1.36789e+06
0.0607443	2662.14	1.36789e+06
0.060775	2662.04	1.36789e+06
0.0608361	2661.85	1.36789e+06
0.0608666	2661.77	1.36789e+06
0.0609275	2661.6	1.36789e+06
0.0610272	2661.37	1.36789e+06
0.0610771	2661.27	1.36789e+06
0.0611762	2661.09	1.36789e+06
0.0612258	2661	1.36789e+06
0.0613244	2660.86	1.36789e+06
0.0613737	2660.8	1.36789e+06
0.0614717	2660.69	1.36789e+06
0.0615207	2660.64	1.36789e+06
0.0616182	2660.55	1.36789e+06
0.0617179	2660.47	1.36789e+06
0.0618177	2660.41	1.36789e+06
0.0619175	2660.35	1.36789e+06
0.0620173	2660.3	1.36789e+06
0.0621171	2660.26	1.36789e+06
0.0622169	2660.23	1.36789e+06
0.0623166	2660.2	1.36789e+06
0.0624164	2660.17	1.36789e+06
0.0625162	2660.15	1.36789e+06
0.062616	2660.14	1.36789e+06
0.0627158	2660.12	1.36789e+06
0.0628156	2660.11	1.36789e+06
0.0629154	2660.1	1.36789e+06
0.0630151	2660.09	1.36789e+06
0.0631149	2660.08	1.36789e+06
0.0632147	2660.07	1.36789e+06
0.0633145	2660.07	1.36789e+06
0.0634143	2660.06	1.36789e+06
0.0635141	2660.06	1.36789e+06
0.0636138	2660.06	1.36789e+06
0.0637136	2660.05	1.36789e+06
0.0638134	2660.05	1.36789e+06
0.0639132	2660.05	1.36789e+06
0.064013	2660.05	1.36789e+06
0.0641128	2660.05	1.36789e+06
0.0642125	2660.04	1.36789e+06
0.0643123	2660.04	1.36789e+06
0.0644121	2660.04	1.36789e+06
0.0645119	2660.04	1.36789e+06
0.0646117	2660.04	1.36789e+06
0.0647115	2660.04	1.36789e+06
0.0648112	2660.04	1.36789e+06
0.064911	2660.04	1.36789e+06
0.0650108	2660.04	1.36789e+06
0.0651106	2660.04	1.36789e+06
0.0652104	2660.04	1.36789e+06
0.0653102	2660.04	1.36789e+06
0.0654099	2660.04	1.36789e+06
0.0655097	2660.04	1.36789e+06
0.0656095	2660.04	1.36789e+06
0.0657093	2660.04	1.36789e+06
0.0658091	2660.04	1.36789e+06
0.0659089	2660.04	1.36789e+06
0.0660086	2660.04	1.36789e+06
0.0661084	2660.04	1.36789e+06
0.0662082	2660.04	1.36789e+06
0.066308	2660.04	1.36789e+06
0.0664078	2660.04	1.36789e+06
0.0665076	2660.04	1.36789e+06
0.0666074	2660.04	1.36789e+06
0.0667071	2660.04	1.36789e+06
0.0668069	2660.04	1.36789e+06
0.0669067	2660.04	1.36789e+06
0.0670065	2660.04	1.36789e+06
0.0671063	2660.04	1.36789e+06
0.0672061	2660.04	1.36789e+06
0.0673058	2660.04	1.36789e+06
0.0674056	2660.04	1.36789e+06
0.0675054	2660.04	1.36789e+06
0.0676052	2660.04	1.36789e+06
0.067705	2660.04	1.36789e+06
0.0678048	2660.04	1.36789e+06
0.0679045	2660.04	1.36789e+06
0.0680043	2660.04	1.36789e+06
0.0681041	2660.04	1.36789e+06
0.0682039	2660.04	1.36789e+06
0.0683037	2660.04	1.36789e+06
0.0684035	2660.04	1.36789e+06
0.0685032	2660.04	1.36789e+06
0.068603	2660.04	1.36789e+06
0.0687028	2660.04	1.36789e+06
0.0688026	2660.04	1.36789e+06
0.0689024	2660.04	1.36789e+06
0.0690022	2660.04	1.36789e+06
0.0691019	2660.04	1.36789e+06
0.0692017	2660.04	1.36789e+06
0.0693015	2660.04	1.36789e+06
0.0694013	2660.04	1.36789e+06
0.0695011	2660.04	1.36789e+06
0.0696009	2660.04	1.36789e+06
0.0697006	2660.04	1.36789e+06
0.0698004	2660.04	1.36789e+06
0.0699002	2660.04	1.36789e+06
0.07	2660.04	1.36789e+06
